<?xml version="1.0" encoding="UTF-8"?>
<!-- Generated by org.testng.reporters.JUnitReportReporter -->
<testsuite hostname="ROHIT" failures="0" tests="2" name="rohit.selenium.InternetHerokuAppTests" time="0.380" errors="0" timestamp="2024-09-07T22:15:41 IST" skipped="0">
  <testcase classname="rohit.selenium.InternetHerokuAppTests" name="testMethod2" time="0.001"/>
  <system-out/>
  <testcase classname="rohit.selenium.InternetHerokuAppTests" name="ABTesting" time="0.379"/>
  <system-out/>
</testsuite> <!-- rohit.selenium.InternetHerokuAppTests -->
