<?xml version="1.0" encoding="UTF-8"?>
<!-- Generated by org.testng.reporters.JUnitReportReporter -->
<testsuite hostname="ROHIT" failures="0" tests="2" name="rohit.selenium.Test1" time="5.604" errors="0" timestamp="2024-09-07T20:21:52 IST" skipped="0">
  <testcase classname="rohit.selenium.Test1" name="testMethod2" time="5.594"/>
  <system-out/>
  <testcase classname="rohit.selenium.Test1" name="testMethod1" time="0.010"/>
  <system-out/>
</testsuite> <!-- rohit.selenium.Test1 -->
