<?xml version="1.0" encoding="UTF-8"?>
<!-- Generated by org.testng.reporters.JUnitReportReporter -->
<testsuite hostname="ROHIT" failures="0" tests="1" name="rohit.selenium.Test1" time="3.770" errors="0" timestamp="2024-09-06T22:00:40 IST" skipped="0">
  <testcase classname="rohit.selenium.Test1" name="testMethod1" time="3.770"/>
  <system-out/>
</testsuite> <!-- rohit.selenium.Test1 -->
